2026-05-24 17:38:27.115 [info] [main] Log level: Info
2026-05-24 17:38:27.115 [info] [main] Validating found git in: "/usr/bin/git"
2026-05-24 17:38:27.115 [info] [main] Using git "2.50.1 (Apple Git-155)" from "/usr/bin/git"
2026-05-24 17:38:27.115 [info] [Model][doInitialScan] Initial repository scan started
2026-05-24 17:38:27.137 [info] > git rev-parse --show-toplevel [21ms]
2026-05-24 17:38:27.262 [info] > git rev-parse --git-dir --git-common-dir --show-superproject-working-tree [123ms]
2026-05-24 17:38:27.267 [info] [Model][openRepository] Opened repository (path): /Users/jasegrimm/Programming/The Forge
2026-05-24 17:38:27.267 [info] [Model][openRepository] Opened repository (real path): /Users/jasegrimm/Programming/The Forge
2026-05-24 17:38:27.267 [info] [Model][openRepository] Opened repository (kind): repository
2026-05-24 17:38:27.309 [info] > git rev-parse --show-toplevel [40ms]
2026-05-24 17:38:27.313 [info] > git config --get commit.template [45ms]
2026-05-24 17:38:27.316 [info] > git for-each-ref --format=%(refname)%00%(upstream:short)%00%(objectname)%00%(upstream:track)%00%(upstream:remotename)%00%(upstream:remoteref) --ignore-case refs/heads/main refs/remotes/main [39ms]
2026-05-24 17:38:27.328 [info] > git rev-parse --show-toplevel [17ms]
2026-05-24 17:38:27.340 [info] > git for-each-ref --sort -committerdate --format %(refname)%00%(objectname)%00%(*objectname) [22ms]
2026-05-24 17:38:27.343 [info] > git status -z -uall [26ms]
2026-05-24 17:38:27.344 [info] > git rev-parse --show-toplevel [15ms]
2026-05-24 17:38:27.384 [info] > git config --get commit.template [25ms]
2026-05-24 17:38:27.395 [info] > git for-each-ref --format=%(refname)%00%(upstream:short)%00%(objectname)%00%(upstream:track)%00%(upstream:remotename)%00%(upstream:remoteref) --ignore-case refs/heads/main refs/remotes/main [41ms]
2026-05-24 17:38:27.396 [info] > git rev-parse --show-toplevel [39ms]
2026-05-24 17:38:27.397 [info] [Model][doInitialScan] Initial repository scan completed - repositories (1), closed repositories (0), parent repositories (0), unsafe repositories (0)
2026-05-24 17:38:27.429 [info] > git config --get --local branch.main.vscode-merge-base [33ms]
2026-05-24 17:38:27.430 [info] > git for-each-ref --format=%(refname)%00%(upstream:short)%00%(objectname)%00%(upstream:track)%00%(upstream:remotename)%00%(upstream:remoteref) --ignore-case refs/heads/main refs/remotes/main [35ms]
2026-05-24 17:38:27.467 [info] > git status -z -uall [35ms]
2026-05-24 17:38:27.470 [info] > git for-each-ref --sort -committerdate --format %(refname)%00%(objectname)%00%(*objectname) [39ms]
2026-05-24 17:38:27.471 [info] > git for-each-ref --format=%(refname)%00%(upstream:short)%00%(objectname)%00%(upstream:track)%00%(upstream:remotename)%00%(upstream:remoteref) --ignore-case refs/heads/origin/main refs/remotes/origin/main [41ms]
2026-05-24 17:38:27.483 [info] > git merge-base refs/heads/main refs/remotes/origin/main [10ms]
2026-05-24 17:38:27.484 [info] > git merge-base refs/heads/main refs/remotes/origin/main [12ms]
2026-05-24 17:38:27.494 [info] > git diff --name-status -z --diff-filter=ADMR --find-renames=50% c14b587b93aed8e48f34246a4d033b5e31f4a3c4...refs/remotes/origin/main -- [10ms]
2026-05-24 17:38:27.494 [info] > git diff --name-status -z --diff-filter=ADMR --find-renames=50% c14b587b93aed8e48f34246a4d033b5e31f4a3c4...refs/remotes/origin/main -- [10ms]
2026-05-24 17:38:27.790 [info] > git ls-files --stage -- .gitignore [10ms]
2026-05-24 17:38:27.794 [info] > git show --textconv :.gitignore [15ms]
2026-05-24 17:38:27.804 [info] > git check-ignore -v -z --stdin [12ms]
2026-05-24 17:38:27.804 [info] > git cat-file -s 55d8a3d99d94a7f9a01c79a59de91fe2058ead60 [13ms]
2026-05-24 17:38:27.824 [info] > git blame --root --incremental c14b587b93aed8e48f34246a4d033b5e31f4a3c4 -- .gitignore [15ms]
2026-05-24 17:38:27.905 [info] > git fetch [637ms]
2026-05-24 17:38:27.915 [info] > git config --get commit.template [10ms]
2026-05-24 17:38:27.916 [info] > git for-each-ref --format=%(refname)%00%(upstream:short)%00%(objectname)%00%(upstream:track)%00%(upstream:remotename)%00%(upstream:remoteref) --ignore-case refs/heads/main refs/remotes/main [10ms]
2026-05-24 17:38:27.925 [info] > git for-each-ref --sort -committerdate --format %(refname)%00%(objectname)%00%(*objectname) [8ms]
2026-05-24 17:38:27.926 [info] > git status -z -uall [10ms]
2026-05-24 17:38:29.161 [info] > git check-ignore -v -z --stdin [268ms]
2026-05-24 17:38:29.207 [info] > git config --get commit.template [16ms]
2026-05-24 17:38:29.214 [info] > git ls-files --stage -- .gitignore [21ms]
2026-05-24 17:38:29.231 [info] > git for-each-ref --format=%(refname)%00%(upstream:short)%00%(objectname)%00%(upstream:track)%00%(upstream:remotename)%00%(upstream:remoteref) --ignore-case refs/heads/main refs/remotes/main [20ms]
2026-05-24 17:38:29.231 [info] > git cat-file -s 55d8a3d99d94a7f9a01c79a59de91fe2058ead60 [17ms]
2026-05-24 17:38:29.250 [info] > git show --textconv :.gitignore [17ms]
2026-05-24 17:38:29.251 [info] > git status -z -uall [19ms]
2026-05-24 17:38:29.254 [info] > git for-each-ref --sort -committerdate --format %(refname)%00%(objectname)%00%(*objectname) [22ms]
2026-05-24 17:38:41.666 [info] > git check-ignore -v -z --stdin [10ms]
2026-05-24 17:38:51.854 [info] > git check-ignore -v -z --stdin [19ms]
2026-05-24 17:38:51.872 [info] > git check-ignore -v -z --stdin [11ms]
2026-05-24 17:38:52.046 [info] > git ls-files --stage -- .gitignore [9ms]
2026-05-24 17:38:52.047 [info] > git show --textconv :.gitignore [10ms]
2026-05-24 17:38:52.056 [info] > git cat-file -s 55d8a3d99d94a7f9a01c79a59de91fe2058ead60 [9ms]
2026-05-24 17:38:53.865 [info] > git log --format=%H%n%aN%n%aE%n%at%n%ct%n%P%n%D%n%B -z --shortstat --diff-merges=first-parent -n50 --skip=0 --topo-order --decorate=full --stdin [76ms]
2026-05-24 17:38:54.357 [info] > git check-ignore -v -z --stdin [13ms]
2026-05-24 17:38:54.477 [info] > git merge-base main origin/main [8ms]
2026-05-24 17:39:03.862 [info] > git check-ignore -v -z --stdin [17ms]
2026-05-24 17:39:05.765 [info] > git check-ignore -v -z --stdin [16ms]
2026-05-24 17:39:11.110 [info] > git log --format=%H%n%aN%n%aE%n%at%n%ct%n%P%n%D%n%B -z --shortstat --diff-merges=first-parent -n50 --skip=0 --topo-order --decorate=full --stdin [69ms]
2026-05-24 17:39:11.119 [info] > git merge-base main origin/main [7ms]
2026-05-24 17:39:11.766 [info] > git add -A -- . [18ms]
2026-05-24 17:39:11.978 [info] > git check-ignore -v -z --stdin [8ms]
2026-05-24 17:39:12.009 [info] > git check-ignore -v -z --stdin [22ms]
2026-05-24 17:39:12.183 [info] > git ls-files --stage -- .git/COMMIT_EDITMSG [10ms]
2026-05-24 17:39:12.183 [info] > git show --textconv :.git/COMMIT_EDITMSG [11ms]
2026-05-24 17:39:12.192 [info] > git hash-object -t tree /dev/null [8ms]
2026-05-24 17:39:12.192 [warning] [GitFileSystemProvider][readFile] File not found - git:/Users/jasegrimm/Programming/The%20Forge/.git/COMMIT_EDITMSG.git?%7B%22path%22%3A%22%2FUsers%2Fjasegrimm%2FProgramming%2FThe%20Forge%2F.git%2FCOMMIT_EDITMSG%22%2C%22ref%22%3A%22%22%7D
2026-05-24 17:39:12.192 [info] > git hash-object -t tree /dev/null [9ms]
2026-05-24 17:39:12.192 [warning] [GitFileSystemProvider][stat] File not found - git:/Users/jasegrimm/Programming/The%20Forge/.git/COMMIT_EDITMSG.git?%7B%22path%22%3A%22%2FUsers%2Fjasegrimm%2FProgramming%2FThe%20Forge%2F.git%2FCOMMIT_EDITMSG%22%2C%22ref%22%3A%22%22%7D
2026-05-24 17:39:12.501 [info] > git check-ignore -v -z --stdin [17ms]
2026-05-24 17:39:40.728 [info] > git blame --root --incremental c14b587b93aed8e48f34246a4d033b5e31f4a3c4 -- .git/COMMIT_EDITMSG [18ms]
2026-05-24 17:39:40.728 [info] fatal: no such path .git/COMMIT_EDITMSG in c14b587b93aed8e48f34246a4d033b5e31f4a3c4
2026-05-24 17:40:14.821 [info] > git check-ignore -v -z --stdin [11ms]
2026-05-24 17:40:14.854 [info] > git check-ignore -v -z --stdin [18ms]
2026-05-24 17:40:15.022 [info] > git ls-files --stage -- .gitignore [10ms]
2026-05-24 17:40:15.023 [info] > git show --textconv :.gitignore [11ms]
2026-05-24 17:40:15.031 [info] > git cat-file -s 28cf7a02f565a01c1e9aa9b9038761b6e141e5cd [9ms]
2026-05-24 17:40:15.062 [info] > git -c user.useConfigOnly=true commit --quiet [63296ms]
2026-05-24 17:40:15.062 [info] 
This repository is configured for Git LFS but 'git-lfs' was not found on your path. If you no longer wish to use Git LFS, remove this hook by deleting the 'post-commit' file in the hooks directory (set by 'core.hookspath'; usually '.git/hooks').
2026-05-24 17:40:15.070 [info] > git config --get commit.template [7ms]
2026-05-24 17:40:15.071 [info] > git for-each-ref --format=%(refname)%00%(upstream:short)%00%(objectname)%00%(upstream:track)%00%(upstream:remotename)%00%(upstream:remoteref) --ignore-case refs/heads/main refs/remotes/main [8ms]
2026-05-24 17:40:15.079 [info] > git for-each-ref --sort -committerdate --format %(refname)%00%(objectname)%00%(*objectname) [7ms]
2026-05-24 17:40:15.080 [info] > git status -z -uall [8ms]
2026-05-24 17:40:15.093 [info] > git merge-base refs/heads/main refs/remotes/origin/main [11ms]
2026-05-24 17:40:15.093 [info] > git show -s --decorate=full --shortstat --format=%H%n%aN%n%aE%n%at%n%ct%n%P%n%D%n%B -z 8625550c0246dd154862c33c0a6e27f00c464a89 -- [10ms]
2026-05-24 17:40:15.094 [info] > git blame --root --incremental 8625550c0246dd154862c33c0a6e27f00c464a89 -- .gitignore [12ms]
2026-05-24 17:40:15.097 [info] > git config --get commit.template [9ms]
2026-05-24 17:40:15.098 [info] > git for-each-ref --format=%(refname)%00%(upstream:short)%00%(objectname)%00%(upstream:track)%00%(upstream:remotename)%00%(upstream:remoteref) --ignore-case refs/heads/main refs/remotes/main [9ms]
2026-05-24 17:40:15.101 [info] > git diff --name-status -z --diff-filter=ADMR --find-renames=50% c14b587b93aed8e48f34246a4d033b5e31f4a3c4...refs/remotes/origin/main -- [8ms]
2026-05-24 17:40:15.106 [info] > git for-each-ref --sort -committerdate --format %(refname)%00%(objectname)%00%(*objectname) [7ms]
2026-05-24 17:40:15.107 [info] > git status -z -uall [9ms]
2026-05-24 17:40:16.005 [info] > git ls-files --stage -- .gitignore [17ms]
2026-05-24 17:40:16.020 [info] > git cat-file -s 28cf7a02f565a01c1e9aa9b9038761b6e141e5cd [14ms]
2026-05-24 17:40:16.032 [info] > git show --textconv :.gitignore [10ms]
2026-05-24 17:40:25.040 [info] > git log --format=%H%n%aN%n%aE%n%at%n%ct%n%P%n%D%n%B -z --shortstat --diff-merges=first-parent -n50 --skip=0 --topo-order --decorate=full --stdin [66ms]
2026-05-24 17:40:25.049 [info] > git merge-base main origin/main [7ms]
2026-05-24 17:40:34.295 [info] > git log --oneline --cherry main...main@{upstream} -- [8ms]
2026-05-24 17:40:34.850 [info] > git pull --tags origin main [554ms]
2026-05-24 17:40:34.850 [info] From https://github.com/Grimmjase/forge
 * branch            main       -> FETCH_HEAD
2026-05-24 17:40:35.567 [info] > git push origin main:main [716ms]
2026-05-24 17:40:35.567 [info] 
This repository is configured for Git LFS but 'git-lfs' was not found on your path. If you no longer wish to use Git LFS, remove this hook by deleting the 'pre-push' file in the hooks directory (set by 'core.hookspath'; usually '.git/hooks').

error: failed to push some refs to 'https://github.com/Grimmjase/forge.git'
2026-05-24 17:40:35.581 [info] > git config --get commit.template [11ms]
2026-05-24 17:40:35.582 [info] > git for-each-ref --format=%(refname)%00%(upstream:short)%00%(objectname)%00%(upstream:track)%00%(upstream:remotename)%00%(upstream:remoteref) --ignore-case refs/heads/main refs/remotes/main [12ms]
2026-05-24 17:40:35.594 [info] > git for-each-ref --sort -committerdate --format %(refname)%00%(objectname)%00%(*objectname) [10ms]
2026-05-24 17:40:35.594 [info] > git status -z -uall [11ms]
2026-05-24 17:40:36.045 [info] > git ls-files --stage -- .gitignore [18ms]
2026-05-24 17:40:36.059 [info] > git cat-file -s 28cf7a02f565a01c1e9aa9b9038761b6e141e5cd [13ms]
2026-05-24 17:40:36.071 [info] > git show --textconv :.gitignore [10ms]
2026-05-24 17:41:10.424 [info] [main] Log level: Info
2026-05-24 17:41:10.426 [info] [main] Validating found git in: "/usr/bin/git"
2026-05-24 17:41:10.441 [info] [main] Using git "2.50.1 (Apple Git-155)" from "/usr/bin/git"
2026-05-24 17:41:10.441 [info] [Model][doInitialScan] Initial repository scan started
2026-05-24 17:41:10.452 [info] > git rev-parse --show-toplevel [10ms]
2026-05-24 17:41:10.467 [info] > git rev-parse --git-dir --git-common-dir --show-superproject-working-tree [14ms]
2026-05-24 17:41:10.470 [info] [Model][openRepository] Opened repository (path): /Users/jasegrimm/Programming/The Forge
2026-05-24 17:41:10.470 [info] [Model][openRepository] Opened repository (real path): /Users/jasegrimm/Programming/The Forge
2026-05-24 17:41:10.470 [info] [Model][openRepository] Opened repository (kind): repository
2026-05-24 17:41:10.559 [info] > git config --get commit.template [87ms]
2026-05-24 17:41:10.560 [info] > git rev-parse --show-toplevel [88ms]
2026-05-24 17:41:10.570 [info] > git rev-parse --show-toplevel [9ms]
2026-05-24 17:41:10.571 [info] > git for-each-ref --format=%(refname)%00%(upstream:short)%00%(objectname)%00%(upstream:track)%00%(upstream:remotename)%00%(upstream:remoteref) --ignore-case refs/heads/main refs/remotes/main [10ms]
2026-05-24 17:41:10.577 [info] > git rev-parse --show-toplevel [7ms]
2026-05-24 17:41:10.578 [info] > git for-each-ref --sort -committerdate --format %(refname)%00%(objectname)%00%(*objectname) [6ms]
2026-05-24 17:41:10.580 [info] > git status -z -uall [9ms]
2026-05-24 17:41:10.586 [info] > git rev-parse --show-toplevel [9ms]
2026-05-24 17:41:10.587 [info] [Model][doInitialScan] Initial repository scan completed - repositories (1), closed repositories (0), parent repositories (0), unsafe repositories (0)
2026-05-24 17:41:10.594 [info] > git config --get commit.template [8ms]
2026-05-24 17:41:10.595 [info] > git for-each-ref --format=%(refname)%00%(upstream:short)%00%(objectname)%00%(upstream:track)%00%(upstream:remotename)%00%(upstream:remoteref) --ignore-case refs/heads/main refs/remotes/main [10ms]
2026-05-24 17:41:10.598 [info] > git for-each-ref --format=%(refname)%00%(upstream:short)%00%(objectname)%00%(upstream:track)%00%(upstream:remotename)%00%(upstream:remoteref) --ignore-case refs/heads/main refs/remotes/main [11ms]
2026-05-24 17:41:10.601 [info] > git config --get --local branch.main.vscode-merge-base [6ms]
2026-05-24 17:41:10.606 [info] > git for-each-ref --sort -committerdate --format %(refname)%00%(objectname)%00%(*objectname) [7ms]
2026-05-24 17:41:10.606 [info] > git status -z -uall [7ms]
2026-05-24 17:41:10.608 [info] > git for-each-ref --format=%(refname)%00%(upstream:short)%00%(objectname)%00%(upstream:track)%00%(upstream:remotename)%00%(upstream:remoteref) --ignore-case refs/heads/origin/main refs/remotes/origin/main [6ms]
2026-05-24 17:41:10.615 [info] > git merge-base refs/heads/main refs/remotes/origin/main [6ms]
2026-05-24 17:41:10.616 [info] > git merge-base refs/heads/main refs/remotes/origin/main [7ms]
2026-05-24 17:41:10.622 [info] > git diff --name-status -z --diff-filter=ADMR --find-renames=50% c14b587b93aed8e48f34246a4d033b5e31f4a3c4...refs/remotes/origin/main -- [6ms]
2026-05-24 17:41:10.622 [info] > git diff --name-status -z --diff-filter=ADMR --find-renames=50% c14b587b93aed8e48f34246a4d033b5e31f4a3c4...refs/remotes/origin/main -- [6ms]
2026-05-24 17:41:10.886 [info] > git fetch [416ms]
2026-05-24 17:41:10.893 [info] > git config --get commit.template [7ms]
2026-05-24 17:41:10.893 [info] > git for-each-ref --format=%(refname)%00%(upstream:short)%00%(objectname)%00%(upstream:track)%00%(upstream:remotename)%00%(upstream:remoteref) --ignore-case refs/heads/main refs/remotes/main [6ms]
2026-05-24 17:41:10.904 [info] > git status -z -uall [10ms]
2026-05-24 17:41:10.904 [info] > git for-each-ref --sort -committerdate --format %(refname)%00%(objectname)%00%(*objectname) [10ms]
2026-05-24 17:41:12.041 [info] > git config --get commit.template [8ms]
2026-05-24 17:41:12.042 [info] > git for-each-ref --format=%(refname)%00%(upstream:short)%00%(objectname)%00%(upstream:track)%00%(upstream:remotename)%00%(upstream:remoteref) --ignore-case refs/heads/main refs/remotes/main [9ms]
2026-05-24 17:41:12.050 [info] > git for-each-ref --sort -committerdate --format %(refname)%00%(objectname)%00%(*objectname) [8ms]
2026-05-24 17:41:12.051 [info] > git status -z -uall [9ms]
2026-05-24 17:41:12.978 [info] > git check-ignore -v -z --stdin [8ms]
2026-05-24 17:41:14.279 [info] > git log --format=%H%n%aN%n%aE%n%at%n%ct%n%P%n%D%n%B -z --shortstat --diff-merges=first-parent -n50 --skip=0 --topo-order --decorate=full --stdin [95ms]
2026-05-24 17:41:14.694 [info] > git check-ignore -v -z --stdin [7ms]
2026-05-24 17:41:14.815 [info] > git merge-base main origin/main [7ms]
2026-05-24 17:41:15.770 [info] > git log --oneline --cherry main...main@{upstream} -- [10ms]
2026-05-24 17:41:16.219 [info] > git pull --tags origin main [448ms]
2026-05-24 17:41:16.219 [info] From https://github.com/Grimmjase/forge
 * branch            main       -> FETCH_HEAD
2026-05-24 17:41:16.795 [info] > git push origin main:main [574ms]
2026-05-24 17:41:16.795 [info] 
This repository is configured for Git LFS but 'git-lfs' was not found on your path. If you no longer wish to use Git LFS, remove this hook by deleting the 'pre-push' file in the hooks directory (set by 'core.hookspath'; usually '.git/hooks').

error: failed to push some refs to 'https://github.com/Grimmjase/forge.git'
2026-05-24 17:41:16.808 [info] > git config --get commit.template [11ms]
2026-05-24 17:41:16.809 [info] > git for-each-ref --format=%(refname)%00%(upstream:short)%00%(objectname)%00%(upstream:track)%00%(upstream:remotename)%00%(upstream:remoteref) --ignore-case refs/heads/main refs/remotes/main [11ms]
2026-05-24 17:41:16.818 [info] > git for-each-ref --sort -committerdate --format %(refname)%00%(objectname)%00%(*objectname) [8ms]
2026-05-24 17:41:16.819 [info] > git status -z -uall [10ms]
2026-05-24 17:43:18.676 [info] > git log --oneline --cherry main...main@{upstream} -- [31ms]
2026-05-24 17:43:19.174 [info] > git pull --tags origin main [497ms]
2026-05-24 17:43:19.174 [info] From https://github.com/Grimmjase/forge
 * branch            main       -> FETCH_HEAD
2026-05-24 17:43:19.825 [info] > git push origin main:main [650ms]
2026-05-24 17:43:19.825 [info] 
This repository is configured for Git LFS but 'git-lfs' was not found on your path. If you no longer wish to use Git LFS, remove this hook by deleting the 'pre-push' file in the hooks directory (set by 'core.hookspath'; usually '.git/hooks').

error: failed to push some refs to 'https://github.com/Grimmjase/forge.git'
2026-05-24 17:43:19.839 [info] > git config --get commit.template [11ms]
2026-05-24 17:43:19.839 [info] > git for-each-ref --format=%(refname)%00%(upstream:short)%00%(objectname)%00%(upstream:track)%00%(upstream:remotename)%00%(upstream:remoteref) --ignore-case refs/heads/main refs/remotes/main [11ms]
2026-05-24 17:43:19.849 [info] > git for-each-ref --sort -committerdate --format %(refname)%00%(objectname)%00%(*objectname) [8ms]
2026-05-24 17:43:19.850 [info] > git status -z -uall [10ms]
2026-05-24 17:44:11.339 [info] > git fetch [431ms]
2026-05-24 17:44:11.354 [info] > git config --get commit.template [12ms]
2026-05-24 17:44:11.355 [info] > git for-each-ref --format=%(refname)%00%(upstream:short)%00%(objectname)%00%(upstream:track)%00%(upstream:remotename)%00%(upstream:remoteref) --ignore-case refs/heads/main refs/remotes/main [14ms]
2026-05-24 17:44:11.365 [info] > git for-each-ref --sort -committerdate --format %(refname)%00%(objectname)%00%(*objectname) [9ms]
2026-05-24 17:44:11.366 [info] > git status -z -uall [11ms]
2026-05-24 17:44:12.497 [info] > git config --get commit.template [16ms]
2026-05-24 17:44:12.499 [info] > git for-each-ref --format=%(refname)%00%(upstream:short)%00%(objectname)%00%(upstream:track)%00%(upstream:remotename)%00%(upstream:remoteref) --ignore-case refs/heads/main refs/remotes/main [17ms]
2026-05-24 17:44:12.515 [info] > git for-each-ref --sort -committerdate --format %(refname)%00%(objectname)%00%(*objectname) [14ms]
2026-05-24 17:44:12.516 [info] > git status -z -uall [16ms]
2026-05-24 17:44:32.005 [info] > git log --format=%H%n%aN%n%aE%n%at%n%ct%n%P%n%D%n%B -z --shortstat --diff-merges=first-parent -n50 --skip=0 --topo-order --decorate=full --stdin [67ms]
2026-05-24 17:44:32.404 [info] > git merge-base main origin/main [10ms]
2026-05-24 17:44:34.984 [info] > git log --oneline --cherry main...main@{upstream} -- [24ms]
2026-05-24 17:44:35.531 [info] > git pull --tags origin main [546ms]
2026-05-24 17:44:35.531 [info] From https://github.com/Grimmjase/forge
 * branch            main       -> FETCH_HEAD
2026-05-24 17:44:36.086 [info] > git push origin main:main [553ms]
2026-05-24 17:44:36.086 [info] 
This repository is configured for Git LFS but 'git-lfs' was not found on your path. If you no longer wish to use Git LFS, remove this hook by deleting the 'pre-push' file in the hooks directory (set by 'core.hookspath'; usually '.git/hooks').

error: failed to push some refs to 'https://github.com/Grimmjase/forge.git'
2026-05-24 17:44:36.099 [info] > git config --get commit.template [12ms]
2026-05-24 17:44:36.100 [info] > git for-each-ref --format=%(refname)%00%(upstream:short)%00%(objectname)%00%(upstream:track)%00%(upstream:remotename)%00%(upstream:remoteref) --ignore-case refs/heads/main refs/remotes/main [12ms]
2026-05-24 17:44:36.110 [info] > git for-each-ref --sort -committerdate --format %(refname)%00%(objectname)%00%(*objectname) [9ms]
2026-05-24 17:44:36.111 [info] > git status -z -uall [10ms]
2026-05-24 17:45:08.084 [info] > git log --oneline --cherry main...main@{upstream} -- [12ms]
2026-05-24 17:45:08.480 [info] > git pull --tags origin main [395ms]
2026-05-24 17:45:08.481 [info] From https://github.com/Grimmjase/forge
 * branch            main       -> FETCH_HEAD
2026-05-24 17:45:09.217 [info] > git push origin main:main [736ms]
2026-05-24 17:45:09.217 [info] 
This repository is configured for Git LFS but 'git-lfs' was not found on your path. If you no longer wish to use Git LFS, remove this hook by deleting the 'pre-push' file in the hooks directory (set by 'core.hookspath'; usually '.git/hooks').

error: failed to push some refs to 'https://github.com/Grimmjase/forge.git'
2026-05-24 17:45:09.229 [info] > git config --get commit.template [11ms]
2026-05-24 17:45:09.230 [info] > git for-each-ref --format=%(refname)%00%(upstream:short)%00%(objectname)%00%(upstream:track)%00%(upstream:remotename)%00%(upstream:remoteref) --ignore-case refs/heads/main refs/remotes/main [11ms]
2026-05-24 17:45:09.240 [info] > git for-each-ref --sort -committerdate --format %(refname)%00%(objectname)%00%(*objectname) [9ms]
2026-05-24 17:45:09.241 [info] > git status -z -uall [10ms]
2026-05-24 17:46:24.555 [info] [main] Log level: Info
2026-05-24 17:46:24.559 [info] [main] Validating found git in: "/usr/bin/git"
2026-05-24 17:46:24.573 [info] [main] Using git "2.50.1 (Apple Git-155)" from "/usr/bin/git"
2026-05-24 17:46:24.573 [info] [Model][doInitialScan] Initial repository scan started
2026-05-24 17:46:24.584 [info] > git rev-parse --show-toplevel [10ms]
2026-05-24 17:46:24.598 [info] > git rev-parse --git-dir --git-common-dir --show-superproject-working-tree [14ms]
2026-05-24 17:46:24.602 [info] [Model][openRepository] Opened repository (path): /Users/jasegrimm/Programming/The Forge
2026-05-24 17:46:24.602 [info] [Model][openRepository] Opened repository (real path): /Users/jasegrimm/Programming/The Forge
2026-05-24 17:46:24.602 [info] [Model][openRepository] Opened repository (kind): repository
2026-05-24 17:46:24.691 [info] > git config --get commit.template [88ms]
2026-05-24 17:46:24.702 [info] > git for-each-ref --format=%(refname)%00%(upstream:short)%00%(objectname)%00%(upstream:track)%00%(upstream:remotename)%00%(upstream:remoteref) --ignore-case refs/heads/main refs/remotes/main [98ms]
2026-05-24 17:46:24.702 [info] > git rev-parse --show-toplevel [99ms]
2026-05-24 17:46:24.716 [info] > git rev-parse --show-toplevel [11ms]
2026-05-24 17:46:24.718 [info] > git for-each-ref --sort -committerdate --format %(refname)%00%(objectname)%00%(*objectname) [10ms]
2026-05-24 17:46:24.719 [info] > git status -z -uall [12ms]
2026-05-24 17:46:24.727 [info] > git rev-parse --show-toplevel [10ms]
2026-05-24 17:46:24.738 [info] > git config --get commit.template [12ms]
2026-05-24 17:46:24.743 [info] > git rev-parse --show-toplevel [16ms]
2026-05-24 17:46:24.744 [info] [Model][doInitialScan] Initial repository scan completed - repositories (1), closed repositories (0), parent repositories (0), unsafe repositories (0)
2026-05-24 17:46:24.744 [info] > git for-each-ref --format=%(refname)%00%(upstream:short)%00%(objectname)%00%(upstream:track)%00%(upstream:remotename)%00%(upstream:remoteref) --ignore-case refs/heads/main refs/remotes/main [19ms]
2026-05-24 17:46:24.747 [info] > git for-each-ref --format=%(refname)%00%(upstream:short)%00%(objectname)%00%(upstream:track)%00%(upstream:remotename)%00%(upstream:remoteref) --ignore-case refs/heads/main refs/remotes/main [9ms]
2026-05-24 17:46:24.768 [info] > git status -z -uall [20ms]
2026-05-24 17:46:24.769 [info] > git for-each-ref --sort -committerdate --format %(refname)%00%(objectname)%00%(*objectname) [21ms]
2026-05-24 17:46:24.770 [info] > git config --get --local branch.main.vscode-merge-base [25ms]
2026-05-24 17:46:24.777 [info] > git for-each-ref --format=%(refname)%00%(upstream:short)%00%(objectname)%00%(upstream:track)%00%(upstream:remotename)%00%(upstream:remoteref) --ignore-case refs/heads/origin/main refs/remotes/origin/main [7ms]
2026-05-24 17:46:24.786 [info] > git merge-base refs/heads/main refs/remotes/origin/main [8ms]
2026-05-24 17:46:24.787 [info] > git merge-base refs/heads/main refs/remotes/origin/main [9ms]
2026-05-24 17:46:24.794 [info] > git diff --name-status -z --diff-filter=ADMR --find-renames=50% c14b587b93aed8e48f34246a4d033b5e31f4a3c4...refs/remotes/origin/main -- [7ms]
2026-05-24 17:46:24.795 [info] > git diff --name-status -z --diff-filter=ADMR --find-renames=50% c14b587b93aed8e48f34246a4d033b5e31f4a3c4...refs/remotes/origin/main -- [8ms]
2026-05-24 17:46:24.843 [info] > git log --format=%H%n%aN%n%aE%n%at%n%ct%n%P%n%D%n%B -z --shortstat --diff-merges=first-parent -n50 --skip=0 --topo-order --decorate=full --stdin [64ms]
2026-05-24 17:46:25.046 [info] > git fetch [444ms]
2026-05-24 17:46:25.054 [info] > git config --get commit.template [7ms]
2026-05-24 17:46:25.055 [info] > git for-each-ref --format=%(refname)%00%(upstream:short)%00%(objectname)%00%(upstream:track)%00%(upstream:remotename)%00%(upstream:remoteref) --ignore-case refs/heads/main refs/remotes/main [8ms]
2026-05-24 17:46:25.064 [info] > git for-each-ref --sort -committerdate --format %(refname)%00%(objectname)%00%(*objectname) [8ms]
2026-05-24 17:46:25.065 [info] > git status -z -uall [9ms]
2026-05-24 17:46:25.543 [info] > git merge-base main origin/main [7ms]
2026-05-24 17:46:26.202 [info] > git config --get commit.template [9ms]
2026-05-24 17:46:26.447 [info] > git for-each-ref --format=%(refname)%00%(upstream:short)%00%(objectname)%00%(upstream:track)%00%(upstream:remotename)%00%(upstream:remoteref) --ignore-case refs/heads/main refs/remotes/main [252ms]
2026-05-24 17:46:26.471 [info] > git status -z -uall [16ms]
2026-05-24 17:46:26.473 [info] > git for-each-ref --sort -committerdate --format %(refname)%00%(objectname)%00%(*objectname) [18ms]
2026-05-24 17:47:37.233 [info] > git check-ignore -v -z --stdin [19ms]
2026-05-24 17:47:48.460 [info] > git check-ignore -v -z --stdin [16ms]
2026-05-24 17:48:44.766 [info] > git config --get commit.template [18ms]
2026-05-24 17:48:44.768 [info] > git for-each-ref --format=%(refname)%00%(upstream:short)%00%(objectname)%00%(upstream:track)%00%(upstream:remotename)%00%(upstream:remoteref) --ignore-case refs/heads/main refs/remotes/main [19ms]
2026-05-24 17:48:44.786 [info] > git for-each-ref --sort -committerdate --format %(refname)%00%(objectname)%00%(*objectname) [16ms]
2026-05-24 17:48:44.788 [info] > git status -z -uall [19ms]
2026-05-24 17:49:25.524 [info] > git fetch [452ms]
2026-05-24 17:49:25.538 [info] > git config --get commit.template [12ms]
2026-05-24 17:49:25.539 [info] > git for-each-ref --format=%(refname)%00%(upstream:short)%00%(objectname)%00%(upstream:track)%00%(upstream:remotename)%00%(upstream:remoteref) --ignore-case refs/heads/main refs/remotes/main [13ms]
2026-05-24 17:49:25.549 [info] > git for-each-ref --sort -committerdate --format %(refname)%00%(objectname)%00%(*objectname) [9ms]
2026-05-24 17:49:25.550 [info] > git status -z -uall [11ms]
2026-05-24 17:49:26.683 [info] > git config --get commit.template [14ms]
2026-05-24 17:49:26.685 [info] > git for-each-ref --format=%(refname)%00%(upstream:short)%00%(objectname)%00%(upstream:track)%00%(upstream:remotename)%00%(upstream:remoteref) --ignore-case refs/heads/main refs/remotes/main [15ms]
2026-05-24 17:49:26.703 [info] > git for-each-ref --sort -committerdate --format %(refname)%00%(objectname)%00%(*objectname) [16ms]
2026-05-24 17:49:26.704 [info] > git status -z -uall [18ms]
2026-05-24 17:51:33.129 [info] > git config --get commit.template [16ms]
2026-05-24 17:51:33.131 [info] > git for-each-ref --format=%(refname)%00%(upstream:short)%00%(objectname)%00%(upstream:track)%00%(upstream:remotename)%00%(upstream:remoteref) --ignore-case refs/heads/main refs/remotes/main [18ms]
2026-05-24 17:51:33.146 [info] > git for-each-ref --sort -committerdate --format %(refname)%00%(objectname)%00%(*objectname) [13ms]
2026-05-24 17:51:33.148 [info] > git status -z -uall [16ms]
2026-05-24 17:51:38.173 [info] > git config --get commit.template [17ms]
2026-05-24 17:51:38.175 [info] > git for-each-ref --format=%(refname)%00%(upstream:short)%00%(objectname)%00%(upstream:track)%00%(upstream:remotename)%00%(upstream:remoteref) --ignore-case refs/heads/main refs/remotes/main [18ms]
2026-05-24 17:51:38.192 [info] > git for-each-ref --sort -committerdate --format %(refname)%00%(objectname)%00%(*objectname) [15ms]
2026-05-24 17:51:38.194 [info] > git status -z -uall [17ms]
2026-05-24 17:51:38.205 [info] > git merge-base refs/heads/main refs/remotes/origin/main [9ms]
2026-05-24 17:51:38.214 [info] > git diff --name-status -z --diff-filter=ADMR --find-renames=50% 8625550c0246dd154862c33c0a6e27f00c464a89...refs/remotes/origin/main -- [8ms]
2026-05-24 17:51:43.191 [info] > git log --format=%H%n%aN%n%aE%n%at%n%ct%n%P%n%D%n%B -z --shortstat --diff-merges=first-parent -n50 --skip=0 --topo-order --decorate=full --stdin [59ms]
2026-05-24 17:51:43.546 [info] > git merge-base main origin/main [17ms]
2026-05-24 17:51:48.413 [info] > git config --get commit.template [21ms]
2026-05-24 17:51:48.414 [info] > git for-each-ref --format=%(refname)%00%(upstream:short)%00%(objectname)%00%(upstream:track)%00%(upstream:remotename)%00%(upstream:remoteref) --ignore-case refs/heads/main refs/remotes/main [21ms]
2026-05-24 17:51:48.432 [info] > git for-each-ref --sort -committerdate --format %(refname)%00%(objectname)%00%(*objectname) [16ms]
2026-05-24 17:51:48.434 [info] > git status -z -uall [19ms]
2026-05-24 17:52:16.675 [info] > git log --format=%H%n%aN%n%aE%n%at%n%ct%n%P%n%D%n%B -z --shortstat --diff-merges=first-parent -n50 --skip=0 --topo-order --decorate=full --stdin [74ms]
2026-05-24 17:52:16.683 [info] > git merge-base main origin/main [7ms]
2026-05-24 17:52:26.118 [info] > git fetch [565ms]
2026-05-24 17:52:26.132 [info] > git config --get commit.template [13ms]
2026-05-24 17:52:26.133 [info] > git for-each-ref --format=%(refname)%00%(upstream:short)%00%(objectname)%00%(upstream:track)%00%(upstream:remotename)%00%(upstream:remoteref) --ignore-case refs/heads/main refs/remotes/main [13ms]
2026-05-24 17:52:26.143 [info] > git for-each-ref --sort -committerdate --format %(refname)%00%(objectname)%00%(*objectname) [9ms]
2026-05-24 17:52:26.144 [info] > git status -z -uall [11ms]
2026-05-24 17:52:27.224 [info] > git config --get commit.template [18ms]
2026-05-24 17:52:27.225 [info] > git for-each-ref --format=%(refname)%00%(upstream:short)%00%(objectname)%00%(upstream:track)%00%(upstream:remotename)%00%(upstream:remoteref) --ignore-case refs/heads/main refs/remotes/main [18ms]
2026-05-24 17:52:27.238 [info] > git for-each-ref --sort -committerdate --format %(refname)%00%(objectname)%00%(*objectname) [11ms]
2026-05-24 17:52:27.239 [info] > git status -z -uall [13ms]
2026-05-24 17:55:26.629 [info] > git fetch [479ms]
2026-05-24 17:55:26.643 [info] > git config --get commit.template [12ms]
2026-05-24 17:55:26.644 [info] > git for-each-ref --format=%(refname)%00%(upstream:short)%00%(objectname)%00%(upstream:track)%00%(upstream:remotename)%00%(upstream:remoteref) --ignore-case refs/heads/main refs/remotes/main [12ms]
2026-05-24 17:55:26.654 [info] > git for-each-ref --sort -committerdate --format %(refname)%00%(objectname)%00%(*objectname) [9ms]
2026-05-24 17:55:26.655 [info] > git status -z -uall [10ms]
2026-05-24 17:55:27.788 [info] > git config --get commit.template [16ms]
2026-05-24 17:55:27.789 [info] > git for-each-ref --format=%(refname)%00%(upstream:short)%00%(objectname)%00%(upstream:track)%00%(upstream:remotename)%00%(upstream:remoteref) --ignore-case refs/heads/main refs/remotes/main [17ms]
2026-05-24 17:55:27.806 [info] > git for-each-ref --sort -committerdate --format %(refname)%00%(objectname)%00%(*objectname) [15ms]
2026-05-24 17:55:27.807 [info] > git status -z -uall [17ms]
2026-05-24 17:58:27.158 [info] > git fetch [500ms]
2026-05-24 17:58:27.171 [info] > git config --get commit.template [11ms]
2026-05-24 17:58:27.172 [info] > git for-each-ref --format=%(refname)%00%(upstream:short)%00%(objectname)%00%(upstream:track)%00%(upstream:remotename)%00%(upstream:remoteref) --ignore-case refs/heads/main refs/remotes/main [11ms]
2026-05-24 17:58:27.182 [info] > git for-each-ref --sort -committerdate --format %(refname)%00%(objectname)%00%(*objectname) [9ms]
2026-05-24 17:58:27.184 [info] > git status -z -uall [11ms]
2026-05-24 17:58:28.328 [info] > git config --get commit.template [18ms]
2026-05-24 17:58:28.329 [info] > git for-each-ref --format=%(refname)%00%(upstream:short)%00%(objectname)%00%(upstream:track)%00%(upstream:remotename)%00%(upstream:remoteref) --ignore-case refs/heads/main refs/remotes/main [17ms]
2026-05-24 17:58:28.345 [info] > git for-each-ref --sort -committerdate --format %(refname)%00%(objectname)%00%(*objectname) [14ms]
2026-05-24 17:58:28.347 [info] > git status -z -uall [16ms]
2026-05-24 17:58:39.422 [info] > git config --get commit.template [17ms]
2026-05-24 17:58:39.425 [info] > git for-each-ref --format=%(refname)%00%(upstream:short)%00%(objectname)%00%(upstream:track)%00%(upstream:remotename)%00%(upstream:remoteref) --ignore-case refs/heads/main refs/remotes/main [19ms]
2026-05-24 17:58:39.440 [info] > git for-each-ref --sort -committerdate --format %(refname)%00%(objectname)%00%(*objectname) [14ms]
2026-05-24 17:58:39.442 [info] > git status -z -uall [16ms]
2026-05-24 18:01:27.667 [info] > git fetch [479ms]
2026-05-24 18:01:27.680 [info] > git config --get commit.template [12ms]
2026-05-24 18:01:27.681 [info] > git for-each-ref --format=%(refname)%00%(upstream:short)%00%(objectname)%00%(upstream:track)%00%(upstream:remotename)%00%(upstream:remoteref) --ignore-case refs/heads/main refs/remotes/main [12ms]
2026-05-24 18:01:27.692 [info] > git for-each-ref --sort -committerdate --format %(refname)%00%(objectname)%00%(*objectname) [9ms]
2026-05-24 18:01:27.693 [info] > git status -z -uall [11ms]
2026-05-24 18:01:28.825 [info] > git config --get commit.template [17ms]
2026-05-24 18:01:28.827 [info] > git for-each-ref --format=%(refname)%00%(upstream:short)%00%(objectname)%00%(upstream:track)%00%(upstream:remotename)%00%(upstream:remoteref) --ignore-case refs/heads/main refs/remotes/main [18ms]
2026-05-24 18:01:28.843 [info] > git for-each-ref --sort -committerdate --format %(refname)%00%(objectname)%00%(*objectname) [15ms]
2026-05-24 18:01:28.844 [info] > git status -z -uall [16ms]
2026-05-24 18:02:56.544 [info] [main] Log level: Info
2026-05-24 18:02:56.544 [info] [main] Validating found git in: "/usr/bin/git"
2026-05-24 18:02:56.549 [info] [main] Using git "2.50.1 (Apple Git-155)" from "/usr/bin/git"
2026-05-24 18:02:56.549 [info] [Model][doInitialScan] Initial repository scan started
2026-05-24 18:02:56.576 [info] > git rev-parse --show-toplevel [18ms]
2026-05-24 18:02:56.668 [info] > git rev-parse --git-dir --git-common-dir --show-superproject-working-tree [92ms]
2026-05-24 18:02:56.672 [info] [Model][openRepository] Opened repository (path): /Users/jasegrimm/Programming/The Forge
2026-05-24 18:02:56.672 [info] [Model][openRepository] Opened repository (real path): /Users/jasegrimm/Programming/The Forge
2026-05-24 18:02:56.672 [info] [Model][openRepository] Opened repository (kind): repository
2026-05-24 18:02:56.684 [info] > git rev-parse --show-toplevel [11ms]
2026-05-24 18:02:56.685 [info] > git config --get commit.template [12ms]
2026-05-24 18:02:56.690 [info] > git for-each-ref --format=%(refname)%00%(upstream:short)%00%(objectname)%00%(upstream:track)%00%(upstream:remotename)%00%(upstream:remoteref) --ignore-case refs/heads/main refs/remotes/main [13ms]
2026-05-24 18:02:56.692 [info] > git rev-parse --show-toplevel [8ms]
2026-05-24 18:02:56.701 [info] > git for-each-ref --sort -committerdate --format %(refname)%00%(objectname)%00%(*objectname) [9ms]
2026-05-24 18:02:56.702 [info] > git status -z -uall [11ms]
2026-05-24 18:02:56.709 [info] > git rev-parse --show-toplevel [16ms]
2026-05-24 18:02:56.724 [info] > git config --get commit.template [15ms]
2026-05-24 18:02:56.724 [info] > git rev-parse --show-toplevel [15ms]
2026-05-24 18:02:56.725 [info] [Model][doInitialScan] Initial repository scan completed - repositories (1), closed repositories (0), parent repositories (0), unsafe repositories (0)
2026-05-24 18:02:56.725 [info] > git for-each-ref --format=%(refname)%00%(upstream:short)%00%(objectname)%00%(upstream:track)%00%(upstream:remotename)%00%(upstream:remoteref) --ignore-case refs/heads/main refs/remotes/main [17ms]
2026-05-24 18:02:56.746 [info] > git config --get --local branch.main.vscode-merge-base [21ms]
2026-05-24 18:02:56.746 [info] > git for-each-ref --format=%(refname)%00%(upstream:short)%00%(objectname)%00%(upstream:track)%00%(upstream:remotename)%00%(upstream:remoteref) --ignore-case refs/heads/main refs/remotes/main [23ms]
2026-05-24 18:02:56.755 [info] > git for-each-ref --format=%(refname)%00%(upstream:short)%00%(objectname)%00%(upstream:track)%00%(upstream:remotename)%00%(upstream:remoteref) --ignore-case refs/heads/origin/main refs/remotes/origin/main [9ms]
2026-05-24 18:02:56.756 [info] > git for-each-ref --sort -committerdate --format %(refname)%00%(objectname)%00%(*objectname) [9ms]
2026-05-24 18:02:56.756 [info] > git status -z -uall [9ms]
2026-05-24 18:02:56.764 [info] > git merge-base refs/heads/main refs/remotes/origin/main [9ms]
2026-05-24 18:02:56.765 [info] > git merge-base refs/heads/main refs/remotes/origin/main [8ms]
2026-05-24 18:02:56.775 [info] > git diff --name-status -z --diff-filter=ADMR --find-renames=50% 8625550c0246dd154862c33c0a6e27f00c464a89...refs/remotes/origin/main -- [10ms]
2026-05-24 18:02:56.775 [info] > git diff --name-status -z --diff-filter=ADMR --find-renames=50% 8625550c0246dd154862c33c0a6e27f00c464a89...refs/remotes/origin/main -- [10ms]
2026-05-24 18:02:57.113 [info] > git fetch [441ms]
2026-05-24 18:02:57.124 [info] > git config --get commit.template [9ms]
2026-05-24 18:02:57.125 [info] > git for-each-ref --format=%(refname)%00%(upstream:short)%00%(objectname)%00%(upstream:track)%00%(upstream:remotename)%00%(upstream:remoteref) --ignore-case refs/heads/main refs/remotes/main [7ms]
2026-05-24 18:02:57.135 [info] > git status -z -uall [9ms]
2026-05-24 18:02:57.136 [info] > git for-each-ref --sort -committerdate --format %(refname)%00%(objectname)%00%(*objectname) [10ms]
2026-05-24 18:02:58.476 [info] > git config --get commit.template [221ms]
2026-05-24 18:02:58.501 [info] > git for-each-ref --format=%(refname)%00%(upstream:short)%00%(objectname)%00%(upstream:track)%00%(upstream:remotename)%00%(upstream:remoteref) --ignore-case refs/heads/main refs/remotes/main [242ms]
2026-05-24 18:02:58.530 [info] > git status -z -uall [12ms]
2026-05-24 18:02:58.530 [info] > git for-each-ref --sort -committerdate --format %(refname)%00%(objectname)%00%(*objectname) [12ms]
2026-05-24 18:05:11.972 [info] > git check-ignore -v -z --stdin [17ms]
2026-05-24 18:05:57.783 [info] > git fetch [641ms]
2026-05-24 18:05:57.797 [info] > git config --get commit.template [13ms]
2026-05-24 18:05:57.798 [info] > git for-each-ref --format=%(refname)%00%(upstream:short)%00%(objectname)%00%(upstream:track)%00%(upstream:remotename)%00%(upstream:remoteref) --ignore-case refs/heads/main refs/remotes/main [13ms]
2026-05-24 18:05:57.808 [info] > git for-each-ref --sort -committerdate --format %(refname)%00%(objectname)%00%(*objectname) [9ms]
2026-05-24 18:05:57.809 [info] > git status -z -uall [11ms]
2026-05-24 18:05:58.887 [info] > git config --get commit.template [17ms]
2026-05-24 18:05:58.889 [info] > git for-each-ref --format=%(refname)%00%(upstream:short)%00%(objectname)%00%(upstream:track)%00%(upstream:remotename)%00%(upstream:remoteref) --ignore-case refs/heads/main refs/remotes/main [17ms]
2026-05-24 18:05:58.905 [info] > git for-each-ref --sort -committerdate --format %(refname)%00%(objectname)%00%(*objectname) [15ms]
2026-05-24 18:05:58.906 [info] > git status -z -uall [16ms]
2026-05-24 18:08:58.342 [info] > git fetch [528ms]
2026-05-24 18:08:58.357 [info] > git config --get commit.template [13ms]
2026-05-24 18:08:58.358 [info] > git for-each-ref --format=%(refname)%00%(upstream:short)%00%(objectname)%00%(upstream:track)%00%(upstream:remotename)%00%(upstream:remoteref) --ignore-case refs/heads/main refs/remotes/main [14ms]
2026-05-24 18:08:58.368 [info] > git for-each-ref --sort -committerdate --format %(refname)%00%(objectname)%00%(*objectname) [9ms]
2026-05-24 18:08:58.369 [info] > git status -z -uall [10ms]
2026-05-24 18:08:59.502 [info] > git config --get commit.template [17ms]
2026-05-24 18:08:59.504 [info] > git for-each-ref --format=%(refname)%00%(upstream:short)%00%(objectname)%00%(upstream:track)%00%(upstream:remotename)%00%(upstream:remoteref) --ignore-case refs/heads/main refs/remotes/main [18ms]
2026-05-24 18:08:59.521 [info] > git for-each-ref --sort -committerdate --format %(refname)%00%(objectname)%00%(*objectname) [15ms]
2026-05-24 18:08:59.522 [info] > git status -z -uall [17ms]
2026-05-24 18:11:58.840 [info] > git fetch [466ms]
2026-05-24 18:11:58.854 [info] > git config --get commit.template [13ms]
2026-05-24 18:11:58.855 [info] > git for-each-ref --format=%(refname)%00%(upstream:short)%00%(objectname)%00%(upstream:track)%00%(upstream:remotename)%00%(upstream:remoteref) --ignore-case refs/heads/main refs/remotes/main [13ms]
2026-05-24 18:11:58.865 [info] > git for-each-ref --sort -committerdate --format %(refname)%00%(objectname)%00%(*objectname) [9ms]
2026-05-24 18:11:58.866 [info] > git status -z -uall [11ms]
2026-05-24 18:12:00.001 [info] > git config --get commit.template [16ms]
2026-05-24 18:12:00.003 [info] > git for-each-ref --format=%(refname)%00%(upstream:short)%00%(objectname)%00%(upstream:track)%00%(upstream:remotename)%00%(upstream:remoteref) --ignore-case refs/heads/main refs/remotes/main [17ms]
2026-05-24 18:12:00.019 [info] > git for-each-ref --sort -committerdate --format %(refname)%00%(objectname)%00%(*objectname) [14ms]
2026-05-24 18:12:00.020 [info] > git status -z -uall [16ms]
2026-05-24 18:14:59.577 [info] > git fetch [704ms]
2026-05-24 18:14:59.592 [info] > git config --get commit.template [13ms]
2026-05-24 18:14:59.593 [info] > git for-each-ref --format=%(refname)%00%(upstream:short)%00%(objectname)%00%(upstream:track)%00%(upstream:remotename)%00%(upstream:remoteref) --ignore-case refs/heads/main refs/remotes/main [14ms]
2026-05-24 18:14:59.603 [info] > git for-each-ref --sort -committerdate --format %(refname)%00%(objectname)%00%(*objectname) [9ms]
2026-05-24 18:14:59.605 [info] > git status -z -uall [12ms]
2026-05-24 18:15:00.685 [info] > git config --get commit.template [18ms]
2026-05-24 18:15:00.687 [info] > git for-each-ref --format=%(refname)%00%(upstream:short)%00%(objectname)%00%(upstream:track)%00%(upstream:remotename)%00%(upstream:remoteref) --ignore-case refs/heads/main refs/remotes/main [19ms]
2026-05-24 18:15:00.702 [info] > git for-each-ref --sort -committerdate --format %(refname)%00%(objectname)%00%(*objectname) [14ms]
2026-05-24 18:15:00.704 [info] > git status -z -uall [16ms]
2026-05-24 18:16:17.518 [info] > git check-ignore -v -z --stdin [18ms]
2026-05-24 18:18:00.081 [info] > git fetch [470ms]
2026-05-24 18:18:00.095 [info] > git config --get commit.template [13ms]
2026-05-24 18:18:00.096 [info] > git for-each-ref --format=%(refname)%00%(upstream:short)%00%(objectname)%00%(upstream:track)%00%(upstream:remotename)%00%(upstream:remoteref) --ignore-case refs/heads/main refs/remotes/main [13ms]
2026-05-24 18:18:00.106 [info] > git for-each-ref --sort -committerdate --format %(refname)%00%(objectname)%00%(*objectname) [9ms]
2026-05-24 18:18:00.107 [info] > git status -z -uall [10ms]
2026-05-24 18:18:01.187 [info] > git config --get commit.template [16ms]
2026-05-24 18:18:01.188 [info] > git for-each-ref --format=%(refname)%00%(upstream:short)%00%(objectname)%00%(upstream:track)%00%(upstream:remotename)%00%(upstream:remoteref) --ignore-case refs/heads/main refs/remotes/main [17ms]
2026-05-24 18:18:01.205 [info] > git for-each-ref --sort -committerdate --format %(refname)%00%(objectname)%00%(*objectname) [16ms]
2026-05-24 18:18:01.206 [info] > git status -z -uall [17ms]
2026-05-24 18:18:28.824 [info] > git config --get commit.template [17ms]
2026-05-24 18:18:28.825 [info] > git for-each-ref --format=%(refname)%00%(upstream:short)%00%(objectname)%00%(upstream:track)%00%(upstream:remotename)%00%(upstream:remoteref) --ignore-case refs/heads/main refs/remotes/main [16ms]
2026-05-24 18:18:28.842 [info] > git for-each-ref --sort -committerdate --format %(refname)%00%(objectname)%00%(*objectname) [15ms]
2026-05-24 18:18:28.843 [info] > git status -z -uall [17ms]
2026-05-24 18:19:00.126 [info] > git config --get commit.template [16ms]
2026-05-24 18:19:00.130 [info] > git for-each-ref --format=%(refname)%00%(upstream:short)%00%(objectname)%00%(upstream:track)%00%(upstream:remotename)%00%(upstream:remoteref) --ignore-case refs/heads/main refs/remotes/main [19ms]
2026-05-24 18:19:00.146 [info] > git for-each-ref --sort -committerdate --format %(refname)%00%(objectname)%00%(*objectname) [14ms]
2026-05-24 18:19:00.148 [info] > git status -z -uall [17ms]
2026-05-24 18:19:05.168 [info] > git config --get commit.template [16ms]
2026-05-24 18:19:05.170 [info] > git for-each-ref --format=%(refname)%00%(upstream:short)%00%(objectname)%00%(upstream:track)%00%(upstream:remotename)%00%(upstream:remoteref) --ignore-case refs/heads/main refs/remotes/main [17ms]
2026-05-24 18:19:05.187 [info] > git for-each-ref --sort -committerdate --format %(refname)%00%(objectname)%00%(*objectname) [16ms]
2026-05-24 18:19:05.188 [info] > git status -z -uall [17ms]
2026-05-24 18:19:15.233 [info] > git config --get commit.template [16ms]
2026-05-24 18:19:15.235 [info] > git for-each-ref --format=%(refname)%00%(upstream:short)%00%(objectname)%00%(upstream:track)%00%(upstream:remotename)%00%(upstream:remoteref) --ignore-case refs/heads/main refs/remotes/main [17ms]
2026-05-24 18:19:15.252 [info] > git for-each-ref --sort -committerdate --format %(refname)%00%(objectname)%00%(*objectname) [15ms]
2026-05-24 18:19:15.253 [info] > git status -z -uall [17ms]
2026-05-24 18:20:34.863 [info] > git config --get commit.template [29ms]
2026-05-24 18:20:34.867 [info] > git for-each-ref --format=%(refname)%00%(upstream:short)%00%(objectname)%00%(upstream:track)%00%(upstream:remotename)%00%(upstream:remoteref) --ignore-case refs/heads/main refs/remotes/main [32ms]
2026-05-24 18:20:34.879 [info] > git for-each-ref --sort -committerdate --format %(refname)%00%(objectname)%00%(*objectname) [11ms]
2026-05-24 18:20:34.881 [info] > git status -z -uall [14ms]
2026-05-24 18:21:00.623 [info] > git fetch [508ms]
2026-05-24 18:21:00.636 [info] > git config --get commit.template [12ms]
2026-05-24 18:21:00.637 [info] > git for-each-ref --format=%(refname)%00%(upstream:short)%00%(objectname)%00%(upstream:track)%00%(upstream:remotename)%00%(upstream:remoteref) --ignore-case refs/heads/main refs/remotes/main [12ms]
2026-05-24 18:21:00.647 [info] > git for-each-ref --sort -committerdate --format %(refname)%00%(objectname)%00%(*objectname) [9ms]
2026-05-24 18:21:00.649 [info] > git status -z -uall [11ms]
2026-05-24 18:21:01.785 [info] > git config --get commit.template [17ms]
2026-05-24 18:21:01.786 [info] > git for-each-ref --format=%(refname)%00%(upstream:short)%00%(objectname)%00%(upstream:track)%00%(upstream:remotename)%00%(upstream:remoteref) --ignore-case refs/heads/main refs/remotes/main [17ms]
2026-05-24 18:21:01.803 [info] > git for-each-ref --sort -committerdate --format %(refname)%00%(objectname)%00%(*objectname) [14ms]
2026-05-24 18:21:01.804 [info] > git status -z -uall [17ms]
2026-05-24 18:23:30.063 [info] > git config --get commit.template [22ms]
2026-05-24 18:23:30.066 [info] > git for-each-ref --format=%(refname)%00%(upstream:short)%00%(objectname)%00%(upstream:track)%00%(upstream:remotename)%00%(upstream:remoteref) --ignore-case refs/heads/main refs/remotes/main [24ms]
2026-05-24 18:23:30.081 [info] > git for-each-ref --sort -committerdate --format %(refname)%00%(objectname)%00%(*objectname) [13ms]
2026-05-24 18:23:30.084 [info] > git status -z -uall [17ms]
2026-05-24 18:24:01.184 [info] > git fetch [530ms]
2026-05-24 18:24:01.197 [info] > git config --get commit.template [12ms]
2026-05-24 18:24:01.198 [info] > git for-each-ref --format=%(refname)%00%(upstream:short)%00%(objectname)%00%(upstream:track)%00%(upstream:remotename)%00%(upstream:remoteref) --ignore-case refs/heads/main refs/remotes/main [12ms]
2026-05-24 18:24:01.208 [info] > git for-each-ref --sort -committerdate --format %(refname)%00%(objectname)%00%(*objectname) [9ms]
2026-05-24 18:24:01.208 [info] > git status -z -uall [10ms]
2026-05-24 18:24:02.286 [info] > git config --get commit.template [15ms]
2026-05-24 18:24:02.287 [info] > git for-each-ref --format=%(refname)%00%(upstream:short)%00%(objectname)%00%(upstream:track)%00%(upstream:remotename)%00%(upstream:remoteref) --ignore-case refs/heads/main refs/remotes/main [16ms]
2026-05-24 18:24:02.303 [info] > git for-each-ref --sort -committerdate --format %(refname)%00%(objectname)%00%(*objectname) [14ms]
2026-05-24 18:24:02.304 [info] > git status -z -uall [16ms]
2026-05-24 18:27:01.645 [info] > git fetch [421ms]
2026-05-24 18:27:01.660 [info] > git config --get commit.template [13ms]
2026-05-24 18:27:01.661 [info] > git for-each-ref --format=%(refname)%00%(upstream:short)%00%(objectname)%00%(upstream:track)%00%(upstream:remotename)%00%(upstream:remoteref) --ignore-case refs/heads/main refs/remotes/main [13ms]
2026-05-24 18:27:01.671 [info] > git for-each-ref --sort -committerdate --format %(refname)%00%(objectname)%00%(*objectname) [9ms]
2026-05-24 18:27:01.672 [info] > git status -z -uall [11ms]
2026-05-24 18:27:02.752 [info] > git config --get commit.template [17ms]
2026-05-24 18:27:02.754 [info] > git for-each-ref --format=%(refname)%00%(upstream:short)%00%(objectname)%00%(upstream:track)%00%(upstream:remotename)%00%(upstream:remoteref) --ignore-case refs/heads/main refs/remotes/main [18ms]
2026-05-24 18:27:02.769 [info] > git for-each-ref --sort -committerdate --format %(refname)%00%(objectname)%00%(*objectname) [13ms]
2026-05-24 18:27:02.770 [info] > git status -z -uall [15ms]
2026-05-24 18:29:22.483 [info] > git config --get commit.template [18ms]
2026-05-24 18:29:22.485 [info] > git for-each-ref --format=%(refname)%00%(upstream:short)%00%(objectname)%00%(upstream:track)%00%(upstream:remotename)%00%(upstream:remoteref) --ignore-case refs/heads/main refs/remotes/main [19ms]
2026-05-24 18:29:22.500 [info] > git for-each-ref --sort -committerdate --format %(refname)%00%(objectname)%00%(*objectname) [13ms]
2026-05-24 18:29:22.501 [info] > git status -z -uall [15ms]
2026-05-24 18:29:27.531 [info] > git config --get commit.template [21ms]
2026-05-24 18:29:27.532 [info] > git for-each-ref --format=%(refname)%00%(upstream:short)%00%(objectname)%00%(upstream:track)%00%(upstream:remotename)%00%(upstream:remoteref) --ignore-case refs/heads/main refs/remotes/main [21ms]
2026-05-24 18:29:27.547 [info] > git for-each-ref --sort -committerdate --format %(refname)%00%(objectname)%00%(*objectname) [13ms]
2026-05-24 18:29:27.548 [info] > git status -z -uall [15ms]
2026-05-24 18:29:59.920 [info] > git config --get commit.template [12ms]
2026-05-24 18:29:59.923 [info] > git for-each-ref --format=%(refname)%00%(upstream:short)%00%(objectname)%00%(upstream:track)%00%(upstream:remotename)%00%(upstream:remoteref) --ignore-case refs/heads/main refs/remotes/main [14ms]
2026-05-24 18:29:59.929 [info] > git check-ignore -v -z --stdin [8ms]
2026-05-24 18:29:59.931 [info] > git for-each-ref --sort -committerdate --format %(refname)%00%(objectname)%00%(*objectname) [7ms]
2026-05-24 18:29:59.935 [info] > git status -z -uall [12ms]
2026-05-24 18:30:02.156 [info] > git fetch [478ms]
2026-05-24 18:30:02.169 [info] > git config --get commit.template [12ms]
2026-05-24 18:30:02.170 [info] > git for-each-ref --format=%(refname)%00%(upstream:short)%00%(objectname)%00%(upstream:track)%00%(upstream:remotename)%00%(upstream:remoteref) --ignore-case refs/heads/main refs/remotes/main [13ms]
2026-05-24 18:30:02.180 [info] > git for-each-ref --sort -committerdate --format %(refname)%00%(objectname)%00%(*objectname) [9ms]
2026-05-24 18:30:02.181 [info] > git status -z -uall [11ms]
2026-05-24 18:30:04.958 [info] > git config --get commit.template [16ms]
2026-05-24 18:30:04.960 [info] > git for-each-ref --format=%(refname)%00%(upstream:short)%00%(objectname)%00%(upstream:track)%00%(upstream:remotename)%00%(upstream:remoteref) --ignore-case refs/heads/main refs/remotes/main [17ms]
2026-05-24 18:30:04.978 [info] > git for-each-ref --sort -committerdate --format %(refname)%00%(objectname)%00%(*objectname) [16ms]
2026-05-24 18:30:04.979 [info] > git status -z -uall [18ms]
2026-05-24 18:30:21.135 [info] > git check-ignore -v -z --stdin [7ms]
2026-05-24 18:30:21.677 [info] > git config --get commit.template [16ms]
2026-05-24 18:30:21.678 [info] > git for-each-ref --format=%(refname)%00%(upstream:short)%00%(objectname)%00%(upstream:track)%00%(upstream:remotename)%00%(upstream:remoteref) --ignore-case refs/heads/main refs/remotes/main [17ms]
2026-05-24 18:30:21.694 [info] > git for-each-ref --sort -committerdate --format %(refname)%00%(objectname)%00%(*objectname) [14ms]
2026-05-24 18:30:21.695 [info] > git status -z -uall [15ms]
2026-05-24 18:30:35.426 [info] > git config --get commit.template [17ms]
2026-05-24 18:30:35.428 [info] > git for-each-ref --format=%(refname)%00%(upstream:short)%00%(objectname)%00%(upstream:track)%00%(upstream:remotename)%00%(upstream:remoteref) --ignore-case refs/heads/main refs/remotes/main [17ms]
2026-05-24 18:30:35.444 [info] > git for-each-ref --sort -committerdate --format %(refname)%00%(objectname)%00%(*objectname) [14ms]
2026-05-24 18:30:35.446 [info] > git status -z -uall [16ms]
2026-05-24 18:33:02.706 [info] > git fetch [521ms]
2026-05-24 18:33:02.719 [info] > git config --get commit.template [11ms]
2026-05-24 18:33:02.720 [info] > git for-each-ref --format=%(refname)%00%(upstream:short)%00%(objectname)%00%(upstream:track)%00%(upstream:remotename)%00%(upstream:remoteref) --ignore-case refs/heads/main refs/remotes/main [11ms]
2026-05-24 18:33:02.730 [info] > git for-each-ref --sort -committerdate --format %(refname)%00%(objectname)%00%(*objectname) [9ms]
2026-05-24 18:33:02.732 [info] > git status -z -uall [11ms]
2026-05-24 18:33:03.809 [info] > git config --get commit.template [18ms]
2026-05-24 18:33:03.811 [info] > git for-each-ref --format=%(refname)%00%(upstream:short)%00%(objectname)%00%(upstream:track)%00%(upstream:remotename)%00%(upstream:remoteref) --ignore-case refs/heads/main refs/remotes/main [18ms]
2026-05-24 18:33:03.827 [info] > git for-each-ref --sort -committerdate --format %(refname)%00%(objectname)%00%(*objectname) [15ms]
2026-05-24 18:33:03.828 [info] > git status -z -uall [16ms]
2026-05-24 18:34:26.384 [info] > git config --get commit.template [19ms]
2026-05-24 18:34:26.386 [info] > git for-each-ref --format=%(refname)%00%(upstream:short)%00%(objectname)%00%(upstream:track)%00%(upstream:remotename)%00%(upstream:remoteref) --ignore-case refs/heads/main refs/remotes/main [21ms]
2026-05-24 18:34:26.399 [info] > git for-each-ref --sort -committerdate --format %(refname)%00%(objectname)%00%(*objectname) [12ms]
2026-05-24 18:34:26.401 [info] > git status -z -uall [14ms]
2026-05-24 18:34:55.752 [info] > git check-ignore -v -z --stdin [16ms]
2026-05-24 18:34:56.302 [info] > git check-ignore -v -z --stdin [20ms]
2026-05-24 18:34:56.817 [info] > git check-ignore -v -z --stdin [18ms]
2026-05-24 18:34:59.508 [info] > git check-ignore -v -z --stdin [9ms]
2026-05-24 18:34:59.533 [info] > git check-ignore -v -z --stdin [9ms]
2026-05-24 18:35:05.252 [info] > git check-ignore -v -z --stdin [20ms]
2026-05-24 18:35:05.270 [info] > git check-ignore -v -z --stdin [11ms]
2026-05-24 18:35:05.441 [info] > git ls-files --stage -- wordweaver/ideogram_batch_instruction_template.json [10ms]
2026-05-24 18:35:05.443 [info] > git show --textconv :wordweaver/ideogram_batch_instruction_template.json [12ms]
2026-05-24 18:35:05.450 [info] > git cat-file -s 6f538a0d1cb2849fcfad3945219576bcd3abe05c [9ms]
2026-05-24 18:35:30.396 [info] > git log --format=%H%n%aN%n%aE%n%at%n%ct%n%P%n%D%n%B -z --shortstat --diff-merges=first-parent -n50 --skip=0 --topo-order --decorate=full --stdin [230ms]
2026-05-24 18:35:31.187 [info] > git merge-base main origin/main [10ms]
2026-05-24 18:35:41.137 [info] > git ls-tree -l HEAD -- wordweaver/generate_shadow_names.py [35ms]
2026-05-24 18:35:41.145 [info] > git show --textconv HEAD:wordweaver/generate_shadow_names.py [44ms]
2026-05-24 18:35:41.285 [info] > git check-ignore -v -z --stdin [11ms]
2026-05-24 18:35:42.328 [info] > git check-ignore -v -z --stdin [17ms]
2026-05-24 18:35:42.328 [info] > git check-ignore -v -z --stdin [16ms]
2026-05-24 18:35:42.328 [info] > git check-ignore -v -z --stdin [12ms]
2026-05-24 18:35:46.894 [info] > git add -A -- . [23ms]
2026-05-24 18:35:46.894 [info] warning: adding embedded git repository: visual_anagrams
hint: You've added another git repository inside your current repository.
hint: Clones of the outer repository will not contain the contents of
hint: the embedded repository and will not know how to obtain it.
hint: If you meant to add a submodule, use:
hint:
hint: 	git submodule add <url> visual_anagrams
hint:
hint: If you added this path by mistake, you can remove it from the
hint: index with:
hint:
hint: 	git rm --cached visual_anagrams
hint:
hint: See "git help submodule" for more information.
hint: Disable this message with "git config set advice.addEmbeddedRepo false"
2026-05-24 18:35:46.921 [info] > git -c user.useConfigOnly=true commit --quiet --allow-empty-message --file - [26ms]
2026-05-24 18:35:46.921 [info] 
This repository is configured for Git LFS but 'git-lfs' was not found on your path. If you no longer wish to use Git LFS, remove this hook by deleting the 'post-commit' file in the hooks directory (set by 'core.hookspath'; usually '.git/hooks').
2026-05-24 18:35:46.930 [info] > git config --get commit.template [8ms]
2026-05-24 18:35:46.939 [info] > git config --get commit.template [8ms]
2026-05-24 18:35:46.940 [info] > git for-each-ref --format=%(refname)%00%(upstream:short)%00%(objectname)%00%(upstream:track)%00%(upstream:remotename)%00%(upstream:remoteref) --ignore-case refs/heads/main refs/remotes/main [9ms]
2026-05-24 18:35:46.950 [info] > git for-each-ref --sort -committerdate --format %(refname)%00%(objectname)%00%(*objectname) [9ms]
2026-05-24 18:35:46.956 [info] > git status -z -uall [15ms]
2026-05-24 18:35:46.966 [info] > git merge-base refs/heads/main refs/remotes/origin/main [9ms]
2026-05-24 18:35:46.967 [info] > git show -s --decorate=full --shortstat --format=%H%n%aN%n%aE%n%at%n%ct%n%P%n%D%n%B -z 26f36b85aa832c27a082aaa11a756bbd0d117cac -- [9ms]
2026-05-24 18:35:46.974 [info] > git diff --name-status -z --diff-filter=ADMR --find-renames=50% 8625550c0246dd154862c33c0a6e27f00c464a89...refs/remotes/origin/main -- [7ms]
2026-05-24 18:35:46.977 [info] > git config --get commit.template [7ms]
2026-05-24 18:35:46.978 [info] > git for-each-ref --format=%(refname)%00%(upstream:short)%00%(objectname)%00%(upstream:track)%00%(upstream:remotename)%00%(upstream:remoteref) --ignore-case refs/heads/main refs/remotes/main [7ms]
2026-05-24 18:35:46.986 [info] > git for-each-ref --sort -committerdate --format %(refname)%00%(objectname)%00%(*objectname) [7ms]
2026-05-24 18:35:46.992 [info] > git status -z -uall [13ms]
2026-05-24 18:35:47.112 [info] > git show --textconv HEAD:visual_anagrams [10ms]
2026-05-24 18:35:47.112 [info] > git ls-tree -l HEAD -- visual_anagrams [9ms]
2026-05-24 18:35:47.124 [info] > git hash-object -t tree /dev/null [11ms]
2026-05-24 18:35:47.124 [warning] [GitFileSystemProvider][readFile] File not found - git:/Users/jasegrimm/Programming/The%20Forge/visual_anagrams?%7B%22path%22%3A%22%2FUsers%2Fjasegrimm%2FProgramming%2FThe%20Forge%2Fvisual_anagrams%22%2C%22ref%22%3A%22~%22%7D
2026-05-24 18:35:47.222 [info] > git log --format=%H%n%aN%n%aE%n%at%n%ct%n%P%n%D%n%B -z --shortstat --diff-merges=first-parent -n50 --skip=0 --topo-order --decorate=full --stdin [258ms]
2026-05-24 18:35:47.233 [info] > git merge-base main origin/main [9ms]
2026-05-24 18:35:49.102 [info] > git config --get commit.template [17ms]
2026-05-24 18:35:49.107 [info] > git for-each-ref --format=%(refname)%00%(upstream:short)%00%(objectname)%00%(upstream:track)%00%(upstream:remotename)%00%(upstream:remoteref) --ignore-case refs/heads/main refs/remotes/main [21ms]
2026-05-24 18:35:49.127 [info] > git for-each-ref --sort -committerdate --format %(refname)%00%(objectname)%00%(*objectname) [16ms]
2026-05-24 18:35:49.136 [info] > git status -z -uall [26ms]
2026-05-24 18:35:51.001 [info] > git check-ignore -v -z --stdin [10ms]
2026-05-24 18:35:51.040 [info] > git check-ignore -v -z --stdin [12ms]
2026-05-24 18:35:51.201 [info] > git ls-files --stage -- wordweaver/generate_ideogram_csv.py [11ms]
2026-05-24 18:35:51.201 [info] > git show --textconv :wordweaver/generate_ideogram_csv.py [11ms]
2026-05-24 18:35:51.209 [info] > git cat-file -s 806fbd024f2ba37853256f3684384480799a6765 [8ms]
2026-05-24 18:36:03.422 [info] > git fetch [687ms]
2026-05-24 18:36:03.434 [info] > git config --get commit.template [11ms]
2026-05-24 18:36:03.435 [info] > git for-each-ref --format=%(refname)%00%(upstream:short)%00%(objectname)%00%(upstream:track)%00%(upstream:remotename)%00%(upstream:remoteref) --ignore-case refs/heads/main refs/remotes/main [11ms]
2026-05-24 18:36:03.445 [info] > git for-each-ref --sort -committerdate --format %(refname)%00%(objectname)%00%(*objectname) [9ms]
2026-05-24 18:36:03.451 [info] > git status -z -uall [15ms]
2026-05-24 18:36:04.590 [info] > git config --get commit.template [17ms]
2026-05-24 18:36:04.591 [info] > git for-each-ref --format=%(refname)%00%(upstream:short)%00%(objectname)%00%(upstream:track)%00%(upstream:remotename)%00%(upstream:remoteref) --ignore-case refs/heads/main refs/remotes/main [17ms]
2026-05-24 18:36:04.608 [info] > git for-each-ref --sort -committerdate --format %(refname)%00%(objectname)%00%(*objectname) [15ms]
2026-05-24 18:36:04.616 [info] > git status -z -uall [24ms]
2026-05-24 18:36:05.820 [info] > git add -A -- . [29ms]
2026-05-24 18:36:05.845 [info] > git -c user.useConfigOnly=true commit --quiet [24ms]
2026-05-24 18:36:05.853 [info] > git config --get-all user.name [7ms]
2026-05-24 18:36:05.859 [info] > git config --get-all user.email [6ms]
2026-05-24 18:36:05.867 [info] > git config --get commit.template [7ms]
2026-05-24 18:36:05.868 [info] > git for-each-ref --format=%(refname)%00%(upstream:short)%00%(objectname)%00%(upstream:track)%00%(upstream:remotename)%00%(upstream:remoteref) --ignore-case refs/heads/main refs/remotes/main [8ms]
2026-05-24 18:36:05.875 [info] > git for-each-ref --sort -committerdate --format %(refname)%00%(objectname)%00%(*objectname) [7ms]
2026-05-24 18:36:05.880 [info] > git status -z -uall [12ms]
2026-05-24 18:36:05.889 [info] > git show -s --decorate=full --shortstat --format=%H%n%aN%n%aE%n%at%n%ct%n%P%n%D%n%B -z 26f36b85aa832c27a082aaa11a756bbd0d117cac -- [8ms]
2026-05-24 18:36:09.640 [info] > git config --get commit.template [16ms]
2026-05-24 18:36:09.641 [info] > git for-each-ref --format=%(refname)%00%(upstream:short)%00%(objectname)%00%(upstream:track)%00%(upstream:remotename)%00%(upstream:remoteref) --ignore-case refs/heads/main refs/remotes/main [16ms]
2026-05-24 18:36:09.659 [info] > git for-each-ref --sort -committerdate --format %(refname)%00%(objectname)%00%(*objectname) [16ms]
2026-05-24 18:36:09.667 [info] > git status -z -uall [25ms]
2026-05-24 18:36:15.942 [info] > git log --format=%H%n%aN%n%aE%n%at%n%ct%n%P%n%D%n%B -z --shortstat --diff-merges=first-parent -n50 --skip=0 --topo-order --decorate=full --stdin [72ms]
2026-05-24 18:36:15.952 [info] > git merge-base main origin/main [8ms]
2026-05-24 18:36:24.789 [info] > git add -A -- . [31ms]
2026-05-24 18:36:24.809 [info] > git -c user.useConfigOnly=true commit --quiet --allow-empty-message --file - [20ms]
2026-05-24 18:36:24.817 [info] > git config --get-all user.name [7ms]
2026-05-24 18:36:24.824 [info] > git config --get-all user.email [6ms]
2026-05-24 18:36:24.832 [info] > git config --get commit.template [7ms]
2026-05-24 18:36:24.833 [info] > git for-each-ref --format=%(refname)%00%(upstream:short)%00%(objectname)%00%(upstream:track)%00%(upstream:remotename)%00%(upstream:remoteref) --ignore-case refs/heads/main refs/remotes/main [8ms]
2026-05-24 18:36:24.842 [info] > git for-each-ref --sort -committerdate --format %(refname)%00%(objectname)%00%(*objectname) [8ms]
2026-05-24 18:36:24.846 [info] > git status -z -uall [12ms]
2026-05-24 18:36:24.856 [info] > git show -s --decorate=full --shortstat --format=%H%n%aN%n%aE%n%at%n%ct%n%P%n%D%n%B -z 26f36b85aa832c27a082aaa11a756bbd0d117cac -- [9ms]
2026-05-24 18:36:25.965 [info] > git config --get commit.template [17ms]
2026-05-24 18:36:25.967 [info] > git for-each-ref --format=%(refname)%00%(upstream:short)%00%(objectname)%00%(upstream:track)%00%(upstream:remotename)%00%(upstream:remoteref) --ignore-case refs/heads/main refs/remotes/main [17ms]
2026-05-24 18:36:25.987 [info] > git for-each-ref --sort -committerdate --format %(refname)%00%(objectname)%00%(*objectname) [18ms]
2026-05-24 18:36:25.995 [info] > git status -z -uall [27ms]
2026-05-24 18:36:31.020 [info] > git config --get commit.template [17ms]
2026-05-24 18:36:31.022 [info] > git for-each-ref --format=%(refname)%00%(upstream:short)%00%(objectname)%00%(upstream:track)%00%(upstream:remotename)%00%(upstream:remoteref) --ignore-case refs/heads/main refs/remotes/main [18ms]
2026-05-24 18:36:31.038 [info] > git for-each-ref --sort -committerdate --format %(refname)%00%(objectname)%00%(*objectname) [14ms]
2026-05-24 18:36:31.046 [info] > git status -z -uall [23ms]
2026-05-24 18:37:05.539 [info] > git config --get commit.template [23ms]
2026-05-24 18:37:05.542 [info] > git for-each-ref --format=%(refname)%00%(upstream:short)%00%(objectname)%00%(upstream:track)%00%(upstream:remotename)%00%(upstream:remoteref) --ignore-case refs/heads/main refs/remotes/main [24ms]
2026-05-24 18:37:05.559 [info] > git for-each-ref --sort -committerdate --format %(refname)%00%(objectname)%00%(*objectname) [15ms]
2026-05-24 18:37:05.569 [info] > git status -z -uall [25ms]
2026-05-24 18:37:11.887 [info] > git config --get commit.template [19ms]
2026-05-24 18:37:11.889 [info] > git for-each-ref --format=%(refname)%00%(upstream:short)%00%(objectname)%00%(upstream:track)%00%(upstream:remotename)%00%(upstream:remoteref) --ignore-case refs/heads/main refs/remotes/main [19ms]
2026-05-24 18:37:11.907 [info] > git for-each-ref --sort -committerdate --format %(refname)%00%(objectname)%00%(*objectname) [16ms]
2026-05-24 18:37:11.915 [info] > git status -z -uall [24ms]
